=~=~=~=~=~=~=~=~=~=~=~= PuTTY log 2025.05.26 18:11:35 =~=~=~=~=~=~=~=~=~=~=~=
1: -111
2: -159
1: -111
2: -159
1: -111
2: -159
1: -111
2: -159
1: -111
2: -159
1: -111
2: -159
1: -111
2: -159
1: -111
2: -159
1: -111
2: -159
1: -111
2: -159
1: -111
2: -159
1: -111
1: -111
2: -159
1: -111
2: -159
1: -111
2: 1: 0
0
: 0
1: 0
1: 0
1: 0
1: 0
1: 0
1: 0
1: 0
1: 0
1: 0
1: 0
1: 0
1: 0
1: 0
1: 0
1: 0
1: 0
1: 0
1: 0
1: 0
1: 0
1: 0
1: 0
1: 0
1: 0
1: 0
1: 0
1: 0
1: 0
1: 0
1: 0
1: 0
1: 0
1: 0
1: 0
1: 0
1: 0
1: 0
1: 0
1: 0
1: 0
1: 0
1: 0
1: 0
1: 0
1: 0
1: 0
1: 0
1: 0
1: 0
1: 0
1: 0
1: 0
1: 0
1: 0
1: 0
1: 0
1: 0
1: 0
1: 0
1: 0
1: 0
1: 0
1: 0
1: 0
1: 0
1: 0
1: 0
1: 0
1: 0
1: 0
1: 0
1: 0
1: 0
1: 0
1: 0
1: 0
1: 0
1: 0
1: 0
1: 0
1: 0
1: 0
1: 0
1: 0
1: 0
1: 0
1: 0
1: 0
1: 0
1: 0
1: 0
1: 0
1: 0
1: 0
1: 0
1: 0
1: 0
1: 0
1: 0
1: 0
1: 0
1: 0
1: 0
1: 0
1: 0
1: 0
1: 0
1: 0
1: 0
1: 0
1: 0
1: 0
1: 0
1: 0
1: 0
1: 0
1: 0
1: 0
1: 0
1: 0
1: 0
1: 0
1: 0
1: 0
1: 0
1: 0
1: 0
1: 0
1: 0
1: 0
1: 0
1: 0
1: 0
1: 0
1: 0
1: 0
1: 0
1: 0
1: 0
1: 0
1: 0
1: 0
1: 0
1: 0
1: 0
1: 0
1: 0
1: 0
1: 0
2: -167
1: -110
2: -167
1: -110
2: -167
1: -110
2: -167
1: -110
2: -167
1: -110
2: -167
1: -110
2: -167
1: -110
2: -167
1: -110
2: -167
1: -110
2: -167
1: -110
2: -167
1: -110
2: -167
1: -110
2: -167
1: -110
2: -167
1: -110
2: -167
1: -110
2: -167
1: -110
2: -167
1: -110
2: -167
1: -110
2: -167
1: -110
2: -167
1: -110
2: -167
1: -110
2: -167
1: -110
2: -167
1: -110
2: -167
1: -110
2: -167
1: -110
2: -167
1: -110
2: -167
1: -110
2: -167
1: -110
2: -167
1: -110
2: -167
1: -110
2: -167
1: -110
2: -167
1: -110
2: -167
1: -110
2: -167
1: -110
2: -167
1: -110
2: -167
1: -110
2: -167
1: -110
2: -167
1: -110
2: -166
1: -110
2: -166
1: -110
2: -166
1: -110
2: -166
1: -110
2: -165
1: -110
2: -165
1: -110
2: -165
1: -110
2: -165
1: -110
2: -165
1: -110
2: -165
1: -110
2: -165
1: -110
2: -165
1: -110
2: -165
1: -110
2: -165
1: -110
2: -164
1: -110
2: -164
1: -110
2: -164
1: -110
2: -164
1: -110
2: -164
1: -110
2: -164
1: -110
2: -164
1: -110
2: -164
1: -110
2: -164
1: -110
2: -164
1: -110
2: -164
1: -110
2: -164
1: -110
1: -110
1: -110
2: -164
1: -110
2: -164
1: -110
2: -164
1: -110
2: -165
1: -110
2: -165
1: -110
2: -165
1: -110
2: -165
1: -110
2: -165
1: -110
2: -165
1: -110
2: -165
1: -110
2: -165
1: -110
2: -165
1: -110
2: -165
1: -110
2: -166
1: -110
2: -168
1: -110
2: -169
1: -110
2: -170
1: -110
2: -172
1: -110
2: -174
1: -110
2: -176
1: -110
2: -179
1: -110
2: -182
1: -110
2: -184
1: -110
2: -187
1: -110
2: -190
1: -110
2: -194
1: -110
2: -197
1: -110
2: -199
1: -110
2: -201
1: -110
2: -201
1: -110
2: -201
1: -110
2: -201
1: -110
2: -199
1: -110
2: -197
1: -110
2: -196
1: -110
2: -196
1: -110
2: -196
1: -110
2: -196
1: -110
2: -197
1: -110
2: -199
1: -110
2: -201
1: -110
2: -203
1: -110
2: -203
1: -110
2: -203
1: -110
2: -203
1: -110
2: -202
1: -110
2: -200
1: -110
2: -199
1: -110
2: -199
1: -110
2: -199
1: -110
2: -199
1: -110
2: -199
1: -110
2: -200
1: -110
2: -202
1: -110
2: -202
1: -110
2: -202
1: -110
2: -202
1: -110
2: -202
1: -110
2: -201
1: -110
2: -200
1: -110
2: -200
1: -110
2: -200
1: -110
2: -200
1: -110
2: -200
1: -110
2: -200
1: -110
2: -201
1: -110
2: -201
1: -110
2: -202
1: -110
2: -202
1: -110
2: -202
1: -110
2: -203
1: -110
2: -203
1: -110
2: -203
1: -110
2: -203
1: -110
2: -203
1: -110
2: -203
1: -110
2: -203
1: -110
2: -203
1: -110
2: -203
1: -110
2: -203
1: -110
2: -203
1: -110
2: -203
1: -110
2: -203
1: -110
2: -203
1: -110
2: -203
1: -110
2: -203
1: -110
2: -203
1: -110
2: -203
1: -110
2: -203
1: -110
2: -203
1: -110
2: -203
1: -110
2: -203
1: -110
2: -203
1: -110
2: -203
1: -110
2: -203
1: -110
2: -203
1: -110
2: -203
1: -110
2: -203
1: -110
2: -203
1: -110
2: -203
1: -110
2: -203
1: -110
2: -203
1: -110
2: -203
1: -110
2: -203
1: -110
2: -203
1: -110
2: -203
1: -110
2: -203
1: -110
2: -203
1: -110
2: -202
1: -110
2: -202
1: -110
2: -201
1: -110
2: -201
1: -110
2: -201
1: -110
2: -201
1: -110
2: -201
1: -110
2: -202
1: -110
2: -202
1: -110
2: -202
1: -110
2: -202
1: -110
2: -202
1: -110
2: -202
1: -110
2: -202
1: -110
2: -202
1: -110
2: -202
1: -110
2: -203
1: -110
2: -203
1: -110
2: -203
1: -110
2: -203
1: -110
2: -203
1: -110
2: -203
1: -110
2: -203
1: -110
2: -203
1: -110
2: -203
1: -110
2: -203
1: -110
2: -203
1: -110
2: -203
1: -110
2: -203
1: -110
2: -203
1: -110
2: -203
1: -110
2: -203
1: -110
2: -203
1: -110
2: -203
1: -110
2: -203
1: -110
2: -203
1: -110
1: -110
1: -110
2: -203
1: -110
2: -203
1: -110
2: -203
1: -110
2: -203
1: -110
2: -203
1: -110
2: -203
1: -110
2: -203
1: -110
2: -203
1: -110
2: -203
1: -110
2: -203
1: -110
2: -203
1: -110
2: -203
1: -110
2: -203
1: -110
2: -203
1: -110
2: -203
1: -110
2: -203
1: -110
2: -203
1: -110
2: -203
1: -110
2: -203
1: -110
2: -203
1: -110
2: -203
1: -110
2: -203
1: -110
2: -203
1: -110
2: -203
1: -110
2: -203
1: -110
2: -203
1: -110
2: -202
1: -110
2: -201
1: -110
2: -200
1: -110
2: -199
1: -110
2: -197
1: -110
2: -194
1: -110
2: -192
1: -110
2: -189
1: -110
2: -186
1: -110
2: -183
1: -110
2: -179
1: -110
2: -176
1: -110
2: -173
1: -110
2: -171
1: -110
2: -170
1: -110
2: -169
1: -110
2: -169
1: -110
2: -169
1: -110
2: -171
1: -110
2: -172
1: -110
2: -172
1: -110
2: -173
1: -110
2: -173
1: -110
2: -173
1: -110
2: -172
1: -110
2: -172
1: -110
2: -171
1: -110
2: -171
1: -110
2: -171
1: -110
2: -171
1: -110
2: -171
1: -110
2: -171
1: -110
2: -171
1: -110
2: -171
1: -110
2: -171
1: -110
2: -171
1: -110
2: -171
1: -110
2: -171
1: -110
2: -171
1: -110
2: -171
1: -110
2: -171
1: -110
2: -171
1: -110
2: -171
1: -110
2: -171
1: -110
2: -171
1: -110
2: -171
1: -110
2: -171
1: -110
2: -171
1: -110
2: -171
1: -110
2: -171
1: -110
2: -171
1: -110
2: -171
1: -110
2: -171
1: -110
2: -171
1: -110
2: -171
1: -110
2: -171
1: -110
2: -171
1: -110
2: -171
1: -110
2: -171
1: -110
2: -171
1: -110
2: -171
1: -110
2: -171
1: -110
2: -171
1: -110
2: -171
1: -110
2: -171
1: -110
2: -172
1: -110
2: -172
1: -110
2: -172
1: -110
2: -172
1: -110
2: -172
1: -110
2: -172
1: -110
2: -172
1: -110
2: -172
1: -110
2: -172
1: -110
2: -173
1: -110
2: -173
1: -110
2: -173
1: -110
2: -173
1: -110
2: -173
1: -110
2: -173
1: -110
2: -173
1: -110
2: -173
1: -110
2: -173
1: -110
2: -173
1: -110
2: -173
1: -110
2: -173
1: -110
2: -173
1: -110
2: -173
1: -110
2: -173
1: -110
2: -173
1: -110
2: -173
1: -110
2: -173
1: -110
2: -173
1: -110
2: -173
1: -110
2: -173
1: -110
2: -173
1: -110
2: -173
1: -110
2: -173
1: -110
2: -173
1: -110
2: -173
1: -110
2: -173
1: -110
2: -173
1: -110
2: -173
1: -110
2: -173
1: -110
2: -173
1: -110
2: -173
1: -110
2: -173
1: -110
2: -173
1: -110
2: -173
1: -110
2: -171
1: -110
2: -171
1: -110
2: -171
1: -110
2: -171
1: -110
2: -171
1: -110
2: -171
1: -110
2: -171
1: -110
2: -171
1: -110
2: -171
1: -110
1: -110
2: -171
1: -110
2: -171
1: -110
2: -171
1: -110
2: -171
1: -110
2: -171
1: -110
2: -171
1: -110
2: -171
1: -110
2: -171
1: -110
2: -171
1: -110
2: -171
1: -110
2: -171
1: -110
2: -171
1: -110
2: -171
1: -110
2: -171
1: -110
2: -171
1: -110
2: -171
1: -110
2: -171
1: -110
2: -172
1: -110
2: -172
1: -110
2: -172
1: -110
2: -172
1: -110
2: -172
1: -110
2: -172
1: -110
2: -172
1: -110
2: -172
1: -110
2: -172
1: -110
2: -172
1: -110
2: -172
1: -110
2: -172
1: -110
2: -172
1: -110
2: -172
1: -110
2: -172
1: -110
2: -172
1: -110
2: -172
1: -110
2: -172
1: -110
2: -172
1: -110
2: -172
1: -110
2: -172
1: -110
2: -172
1: -110
2: -172
1: -110
2: -172
1: -110
2: -172
1: -110
2: -172
1: -110
2: -172
1: -110
2: -172
1: -110
2: -172
1: -110
2: -172
1: -110
2: -172
1: -110
2: -172
1: -110
2: -172
1: -110
2: -172
1: -110
2: -172
1: -110
2: -172
1: -110
2: -172
1: -110
2: -172
1: -110
2: -173
1: -110
2: -172
1: -110
2: -172
1: -110
2: -172
1: -110
2: -172
1: -110
2: -172
1: -110
2: -172
1: -110
2: -172
1: -110
2: -172
1: -110
2: -172
1: -110
2: -172
1: -110
2: -171
1: -110
2: -171
1: -110
2: -171
1: -110
2: -171
1: -110
2: -169
1: -110
2: -169
1: -110
2: -169
1: -110
2: -169
1: -110
2: -169
1: -110
2: -169
1: -110
2: -169
1: -110
2: -169
1: -110
2: -169
1: -110
2: -169
1: -110
2: -169
1: -110
2: -169
1: -110
2: -169
1: -110
2: -169
1: -110
2: -169
1: -110
2: -169
1: -110
2: -169
1: -110
2: -169
1: -110
2: -169
1: -110
2: -169
1: -110
2: -169
1: -110
2: -169
1: -110
2: -169
1: -110
2: -168
1: -110
2: -168
1: -110
2: -168
1: -110
2: -168
1: -110
2: -168
1: -110
2: -168
1: -110
2: -168
1: -110
2: -168
1: -110
2: -168
1: -110
2: -168
1: -110
2: -168
1: -110
2: -168
1: -110
2: -168
1: -110
2: -168
1: -110
2: -168
1: -110
2: -168
1: -110
2: -168
1: -110
2: -168
1: -110
2: -168
1: -110
2: -168
1: -110
2: -168
1: -110
2: -168
1: -110
2: -168
1: -110
2: -168
1: -110
2: -168
1: -110
2: -168
1: -110
2: -168
1: -110
2: -168
1: -110
2: -168
1: -110
